g_action_name_is_valid
g_action_parse_detailed_name
g_action_print_detailed_name
g_application_mark_busy
g_application_unmark_busy
g_bytes_icon_get_bytes
g_bytes_icon_new
g_dbus_method_invocation_get_property_info
g_desktop_app_info_get_action_name
g_desktop_app_info_launch_action
g_desktop_app_info_list_actions
GFileMeasureFlags
GFileMeasureProgressCallback
g_file_make_directory_async
g_file_make_directory_finish
g_file_measure_disk_usage
g_file_measure_disk_usage_async
g_file_measure_disk_usage_finish
g_file_trash_async
g_file_trash_finish
g_icon_deserialize
g_icon_serialize
G_MENU_ATTRIBUTE_ICON
g_menu_item_set_icon
g_menu_remove_all
GPropertyAction
g_property_action_new
GProxyAddressEnumerator:default-port
