g_assert_nonnull
g_hash_table_get_keys_as_array
g_info
g_key_file_save_to_file
g_option_context_parse_strv
g_ptr_array_insert
g_str_is_ascii
g_str_match_string
g_str_tokenize_and_fold
GVariantDict
g_variant_dict_clear
g_variant_dict_contains
g_variant_dict_end
g_variant_dict_init
g_variant_dict_insert
g_variant_dict_insert_value
g_variant_dict_lookup
g_variant_dict_lookup_value
g_variant_dict_new
g_variant_dict_ref
g_variant_dict_remove
g_variant_dict_unref
g_variant_parse_error_print_context
g_win32_get_command_line
