gtk_accel_label_get_accel
gtk_action_bar_get_center_widget
gtk_action_bar_new
gtk_action_bar_pack_end
gtk_action_bar_pack_start
gtk_action_bar_set_center_widget
gtk_application_get_accels_for_action
gtk_application_list_action_descriptions
gtk_application_set_accels_for_action
GtkAssistant:use-header-bar
gtk_box_get_center_widget
gtk_box_set_center_widget
GtkDialog:use-header-bar
gtk_dialog_get_header_bar
GtkEntry:max-width-chars
gtk_entry_get_max_width_chars
gtk_entry_set_max_width_chars
GtkFlowBoxFilterFunc
GtkFlowBoxForeachFunc
GtkFlowBoxSortFunc
gtk_flow_box_child_changed
gtk_flow_box_child_get_index
gtk_flow_box_child_is_selected
gtk_flow_box_child_new
gtk_flow_box_get_activate_on_single_click
gtk_flow_box_get_child_at_index
gtk_flow_box_get_column_spacing
gtk_flow_box_get_homogeneous
gtk_flow_box_get_max_children_per_line
gtk_flow_box_get_min_children_per_line
gtk_flow_box_get_row_spacing
gtk_flow_box_get_selected_children
gtk_flow_box_get_selection_mode
gtk_flow_box_insert
gtk_flow_box_invalidate_filter
gtk_flow_box_invalidate_sort
gtk_flow_box_new
gtk_flow_box_selected_foreach
gtk_flow_box_select_all
gtk_flow_box_select_child
gtk_flow_box_set_activate_on_single_click
gtk_flow_box_set_column_spacing
gtk_flow_box_set_filter_func
gtk_flow_box_set_hadjustment
gtk_flow_box_set_homogeneous
gtk_flow_box_set_max_children_per_line
gtk_flow_box_set_min_children_per_line
gtk_flow_box_set_row_spacing
gtk_flow_box_set_selection_mode
gtk_flow_box_set_sort_func
gtk_flow_box_set_vadjustment
gtk_flow_box_unselect_all
gtk_flow_box_unselect_child
gtk_get_locale_direction
GtkHeaderBar:decoration-layout
GtkHeaderBar:decoration-layout-set
GtkHeaderBar:has-subtitle
gtk_header_bar_get_decoration_layout
gtk_header_bar_get_has_subtitle
gtk_header_bar_set_decoration_layout
gtk_header_bar_set_has_subtitle
gtk_icon_info_is_symbolic
GtkMenuButton:popover
GtkMenuButton:use-popover
gtk_menu_button_get_popover
gtk_menu_button_get_use_popover
gtk_menu_button_set_popover
gtk_menu_button_set_use_popover
GtkNotebook:has-tab-gap
gtk_places_sidebar_get_local_only
gtk_places_sidebar_set_local_only
GtkPopover:modal
GtkPopover:pointing-to
GtkPopover:position
GtkPopover:relative-to
gtk_popover_bind_model
gtk_popover_get_modal
gtk_popover_get_relative_to
gtk_popover_new
gtk_popover_new_from_model
gtk_popover_set_modal
gtk_popover_set_pointing_to
gtk_popover_set_position
gtk_popover_set_relative_to
GtkSettings:gtk-decoration-layout
GtkSettings:gtk-dialogs-use-header
GtkStack:needs-attention
gtk_stack_get_child_by_name
gtk_stack_get_transition_running
gtk_tree_path_new_from_indicesv
GtkWidget:margin-end
GtkWidget:margin-start
gtk_widget_get_margin_end
gtk_widget_get_margin_start
gtk_widget_set_margin_end
gtk_widget_set_margin_start
gtk_window_is_maximized
