GtkBaselinePosition
gtk_box_get_baseline_position
gtk_box_set_baseline_position
gtk_builder_add_callback_symbol
gtk_builder_add_callback_symbols
gtk_builder_get_application
gtk_builder_lookup_callback_symbol
gtk_builder_new_from_file
gtk_builder_new_from_resource
gtk_builder_new_from_string
gtk_builder_set_application
gtk_button_new_from_icon_name
gtk_drag_begin_with_coordinates
gtk_entry_get_tabs
gtk_entry_set_tabs
gtk_file_chooser_get_current_name
gtk_grid_get_baseline_row
gtk_grid_get_row_baseline_position
gtk_grid_remove_column
gtk_grid_remove_row
gtk_grid_set_baseline_row
gtk_grid_set_row_baseline_position
gtk_header_bar_get_custom_title
gtk_header_bar_get_show_close_button
gtk_header_bar_get_subtitle
gtk_header_bar_get_title
gtk_header_bar_new
gtk_header_bar_pack_end
gtk_header_bar_pack_start
gtk_header_bar_set_custom_title
gtk_header_bar_set_show_close_button
gtk_header_bar_set_subtitle
gtk_header_bar_set_title
gtk_icon_info_get_base_scale
gtk_icon_info_load_surface
gtk_icon_set_render_icon_surface
gtk_icon_theme_choose_icon_for_scale
gtk_icon_theme_load_icon_for_scale
gtk_icon_theme_load_surface
gtk_icon_theme_lookup_by_gicon_for_scale
gtk_icon_theme_lookup_icon_for_scale
GtkInfoBar:show-close-button
gtk_info_bar_get_show_close_button
gtk_info_bar_set_show_close_button
GtkLabel:lines
gtk_label_get_lines
gtk_label_set_lines
GtkListBox::row-activated
GtkListBox::row-selected
GtkListBoxFilterFunc
GtkListBoxSortFunc
GtkListBoxUpdateHeaderFunc
gtk_list_box_drag_highlight_row
gtk_list_box_drag_unhighlight_row
gtk_list_box_get_activate_on_single_click
gtk_list_box_get_adjustment
gtk_list_box_get_row_at_index
gtk_list_box_get_row_at_y
gtk_list_box_get_selected_row
gtk_list_box_get_selection_mode
gtk_list_box_insert
gtk_list_box_invalidate_filter
gtk_list_box_invalidate_headers
gtk_list_box_invalidate_sort
gtk_list_box_new
gtk_list_box_prepend
gtk_list_box_row_changed
gtk_list_box_row_get_header
gtk_list_box_row_get_index
gtk_list_box_row_new
gtk_list_box_row_set_header
gtk_list_box_select_row
gtk_list_box_set_activate_on_single_click
gtk_list_box_set_adjustment
gtk_list_box_set_filter_func
gtk_list_box_set_header_func
gtk_list_box_set_placeholder
gtk_list_box_set_selection_mode
gtk_list_box_set_sort_func
GtkPlacesSidebar::drag-action-ask
GtkPlacesSidebar::drag-action-requested
GtkPlacesSidebar::drag-perform-drop
GtkPlacesSidebar::open-location
GtkPlacesSidebar::populate-popup
GtkPlacesSidebar::show-connect-to-server
GtkPlacesSidebar::show-error-message
gtk_places_sidebar_add_shortcut
gtk_places_sidebar_get_location
gtk_places_sidebar_get_nth_bookmark
gtk_places_sidebar_get_open_flags
gtk_places_sidebar_get_show_connect_to_server
gtk_places_sidebar_get_show_desktop
gtk_places_sidebar_list_shortcuts
gtk_places_sidebar_new
gtk_places_sidebar_remove_shortcut
gtk_places_sidebar_set_location
gtk_places_sidebar_set_open_flags
gtk_places_sidebar_set_show_connect_to_server
gtk_places_sidebar_set_show_desktop
gtk_render_icon_surface
gtk_revealer_get_child_revealed
gtk_revealer_get_reveal_child
gtk_revealer_get_transition_duration
gtk_revealer_get_transition_type
gtk_revealer_new
gtk_revealer_set_reveal_child
gtk_revealer_set_transition_duration
gtk_revealer_set_transition_type
GtkSearchEntry::search-changed
gtk_search_bar_connect_entry
gtk_search_bar_get_search_mode
gtk_search_bar_get_show_close_button
gtk_search_bar_handle_event
gtk_search_bar_new
gtk_search_bar_set_search_mode
gtk_search_bar_set_show_close_button
gtk_stack_add_named
gtk_stack_add_titled
gtk_stack_get_homogeneous
gtk_stack_get_transition_duration
gtk_stack_get_transition_type
gtk_stack_get_visible_child
gtk_stack_get_visible_child_name
gtk_stack_new
gtk_stack_set_homogeneous
gtk_stack_set_transition_duration
gtk_stack_set_transition_type
gtk_stack_set_visible_child
gtk_stack_set_visible_child_full
gtk_stack_set_visible_child_name
gtk_stack_switcher_get_stack
gtk_stack_switcher_new
gtk_stack_switcher_set_stack
gtk_style_context_get_scale
gtk_style_context_set_scale
gtk_test_widget_wait_for_draw
GtkWidget:scale-factor
gtk_widget_class_bind_template_callback
gtk_widget_class_bind_template_callback_full
gtk_widget_class_bind_template_child
gtk_widget_class_bind_template_child_full
gtk_widget_class_bind_template_child_internal
gtk_widget_class_bind_template_child_internal_private
gtk_widget_class_bind_template_child_private
gtk_widget_class_set_connect_func
gtk_widget_class_set_template
gtk_widget_class_set_template_from_resource
gtk_widget_get_allocated_baseline
gtk_widget_get_preferred_height_and_baseline_for_width
gtk_widget_get_scale_factor
gtk_widget_get_valign_with_baseline
gtk_widget_init_template
gtk_widget_size_allocate_with_baseline
gtk_window_close
gtk_window_set_titlebar
