gtk_builder_expose_object
GtkEntry:populate-all
GtkIconView:activate-on-single-click
gtk_icon_info_load_icon_async
gtk_icon_info_load_icon_finish
gtk_icon_info_load_symbolic_async
gtk_icon_info_load_symbolic_finish
gtk_icon_info_load_symbolic_for_context_async
gtk_icon_info_load_symbolic_for_context_finish
gtk_icon_view_get_activate_on_single_click
gtk_icon_view_set_activate_on_single_click
GtkImage:resource
GtkLevelBar:inverted
gtk_level_bar_get_inverted
gtk_level_bar_set_inverted
GtkSettings:gtk-recent-files-enabled
gtk_style_context_get_frame_clock
gtk_style_context_set_frame_clock
GtkTextView:populate-all
GtkTickCallback
GtkTreeView:activate-on-single-click
gtk_tree_view_get_activate_on_single_click
gtk_tree_view_set_activate_on_single_click
GtkWidget:opacity
gtk_widget_add_tick_callback
gtk_widget_get_frame_clock
gtk_widget_get_opacity
gtk_widget_is_visible
gtk_widget_register_window
gtk_widget_remove_tick_callback
gtk_widget_set_opacity
gtk_widget_unregister_window
